  stdafx.cpp
  BigInteger.cpp
c:\users\ly\desktop\stanford-cs161\programming_assignment\assign1\assign1\biginteger.cpp(21): warning C4996: 'sscanf': This function or variable may be unsafe. Consider using sscanf_s instead. To disable deprecation, use _CRT_SECURE_NO_WARNINGS. See online help for details.
  c:\program files (x86)\windows kits\10\include\10.0.10240.0\ucrt\stdio.h(2254): note: 参见“sscanf”的声明
c:\users\ly\desktop\stanford-cs161\programming_assignment\assign1\assign1\biginteger.cpp(31): warning C4018: “>=”: 有符号/无符号不匹配
c:\users\ly\desktop\stanford-cs161\programming_assignment\assign1\assign1\biginteger.cpp(33): warning C4018: “<”: 有符号/无符号不匹配
c:\users\ly\desktop\stanford-cs161\programming_assignment\assign1\assign1\biginteger.cpp(34): warning C4018: “<”: 有符号/无符号不匹配
c:\users\ly\desktop\stanford-cs161\programming_assignment\assign1\assign1\biginteger.cpp(49): warning C4018: “>=”: 有符号/无符号不匹配
c:\users\ly\desktop\stanford-cs161\programming_assignment\assign1\assign1\biginteger.cpp(52): warning C4018: “<”: 有符号/无符号不匹配
c:\users\ly\desktop\stanford-cs161\programming_assignment\assign1\assign1\biginteger.cpp(53): warning C4018: “<”: 有符号/无符号不匹配
c:\users\ly\desktop\stanford-cs161\programming_assignment\assign1\assign1\biginteger.cpp(54): warning C4018: “<”: 有符号/无符号不匹配
c:\users\ly\desktop\stanford-cs161\programming_assignment\assign1\assign1\biginteger.cpp(69): warning C4018: “<”: 有符号/无符号不匹配
c:\users\ly\desktop\stanford-cs161\programming_assignment\assign1\assign1\biginteger.cpp(72): warning C4018: “<”: 有符号/无符号不匹配
c:\users\ly\desktop\stanford-cs161\programming_assignment\assign1\assign1\biginteger.cpp(100): warning C4018: “<”: 有符号/无符号不匹配
c:\users\ly\desktop\stanford-cs161\programming_assignment\assign1\assign1\biginteger.cpp(102): warning C4018: “<”: 有符号/无符号不匹配
c:\users\ly\desktop\stanford-cs161\programming_assignment\assign1\assign1\biginteger.cpp(109): warning C4018: “<”: 有符号/无符号不匹配
c:\users\ly\desktop\stanford-cs161\programming_assignment\assign1\assign1\biginteger.cpp(111): warning C4018: “<”: 有符号/无符号不匹配
c:\users\ly\desktop\stanford-cs161\programming_assignment\assign1\assign1\biginteger.cpp(123): warning C4018: “<”: 有符号/无符号不匹配
c:\users\ly\desktop\stanford-cs161\programming_assignment\assign1\assign1\biginteger.cpp(128): warning C4018: “<”: 有符号/无符号不匹配
c:\users\ly\desktop\stanford-cs161\programming_assignment\assign1\assign1\biginteger.cpp(142): warning C4018: “<”: 有符号/无符号不匹配
c:\users\ly\desktop\stanford-cs161\programming_assignment\assign1\assign1\biginteger.cpp(141): warning C4996: 'sprintf': This function or variable may be unsafe. Consider using sprintf_s instead. To disable deprecation, use _CRT_SECURE_NO_WARNINGS. See online help for details.
  c:\program files (x86)\windows kits\10\include\10.0.10240.0\ucrt\stdio.h(1769): note: 参见“sprintf”的声明
  Assign1.cpp
  正在生成代码...
c:\users\ly\desktop\stanford-cs161\programming_assignment\assign1\assign1\biginteger.cpp(134): warning C4715: “BigInteger::operator*”: 不是所有的控件路径都返回值
  Assign1.vcxproj -> C:\Users\LY\Desktop\Stanford-CS161\programming_assignment\Assign1\Debug\Assign1.exe
  Assign1.vcxproj -> C:\Users\LY\Desktop\Stanford-CS161\programming_assignment\Assign1\Debug\Assign1.pdb (Full PDB)
